<?xml version="1.0" encoding="UTF-8"?>
<!-- Generated by org.testng.reporters.JUnitReportReporter -->
<testsuite skipped="0" hostname="QaPC" name="CAIRTestCases.Test005abilityquerydatafromwebsites" tests="2" failures="0" timestamp="22 Jul 2021 07:04:10 GMT" time="66.412" errors="0">
  <testcase name="INNSIGHTLogin" time="9.425" classname="CAIRTestCases.Test005abilityquerydatafromwebsites"/>
  <testcase name="MultipleSocialMediaHandles" time="56.987" classname="CAIRTestCases.Test005abilityquerydatafromwebsites"/>
</testsuite> <!-- CAIRTestCases.Test005abilityquerydatafromwebsites -->
