<?xml version="1.0" encoding="UTF-8"?>
<!-- Generated by org.testng.reporters.JUnitReportReporter -->
<testsuite skipped="0" hostname="QaPC" name="CAIRTestCases.Test027MultipleRSSFeeds" tests="1" failures="0" timestamp="26 Jul 2021 09:48:39 GMT" time="8.833" errors="0">
  <testcase name="INNSIGHTLogin" time="8.833" classname="CAIRTestCases.Test027MultipleRSSFeeds"/>
</testsuite> <!-- CAIRTestCases.Test027MultipleRSSFeeds -->
