<?xml version="1.0" encoding="UTF-8"?>
<!-- Generated by org.testng.reporters.JUnitReportReporter -->
<testsuite skipped="0" hostname="QaPC" name="CAIRTestCases.TC007_AddAvtar" tests="2" failures="0" timestamp="22 Jul 2021 07:52:37 GMT" time="72.008" errors="0">
  <testcase name="avatarcrawling" time="48.491" classname="CAIRTestCases.TC007_AddAvtar"/>
  <testcase name="INNSIGHTLogin2" time="23.517" classname="CAIRTestCases.TC007_AddAvtar"/>
</testsuite> <!-- CAIRTestCases.TC007_AddAvtar -->
