<?xml version="1.0" encoding="UTF-8"?>
<!-- Generated by org.testng.reporters.JUnitReportReporter -->
<testsuite skipped="0" hostname="QaPC" name="CAIRTestCases.Test_Case_Number_61" tests="1" failures="0" timestamp="21 Jul 2021 13:47:20 GMT" time="9.264" errors="0">
  <testcase name="INNSIGHTLogin" time="9.264" classname="CAIRTestCases.Test_Case_Number_61"/>
</testsuite> <!-- CAIRTestCases.Test_Case_Number_61 -->
