<?xml version="1.0" encoding="UTF-8"?>
<!-- Generated by org.testng.reporters.JUnitReportReporter -->
<testsuite skipped="0" hostname="QaPC" name="CAIRTestCases.Test002BrowserBasedinteractivescraping" tests="1" failures="0" timestamp="22 Jul 2021 05:48:37 GMT" time="11.573" errors="0">
  <testcase name="INNSIGHTLogin" time="11.573" classname="CAIRTestCases.Test002BrowserBasedinteractivescraping"/>
</testsuite> <!-- CAIRTestCases.Test002BrowserBasedinteractivescraping -->
