<?xml version="1.0" encoding="UTF-8"?>
<!-- Generated by org.testng.reporters.JUnitReportReporter -->
<testsuite skipped="0" hostname="QaPC" name="CAIRTestCases.Test004systemshouldsupportTwitterstreamingAPI" tests="2" failures="0" timestamp="22 Jul 2021 06:40:20 GMT" time="43.980" errors="0">
  <testcase name="INNSIGHTLogin" time="8.504" classname="CAIRTestCases.Test004systemshouldsupportTwitterstreamingAPI"/>
  <testcase name="MultipleSocialMediaHandles" time="35.476" classname="CAIRTestCases.Test004systemshouldsupportTwitterstreamingAPI"/>
</testsuite> <!-- CAIRTestCases.Test004systemshouldsupportTwitterstreamingAPI -->
