<?xml version="1.0" encoding="UTF-8"?>
<!-- Generated by org.testng.reporters.JUnitReportReporter -->
<testsuite skipped="0" hostname="QaPC" name="CAIRTestCases.test008contentfromsurfaceweb" tests="2" failures="0" timestamp="22 Jul 2021 08:05:30 GMT" time="123.100" errors="0">
  <testcase name="INNSIGHTLogin" time="9.674" classname="CAIRTestCases.test008contentfromsurfaceweb"/>
  <testcase name="contentfromsurfaceweb" time="113.426" classname="CAIRTestCases.test008contentfromsurfaceweb"/>
</testsuite> <!-- CAIRTestCases.test008contentfromsurfaceweb -->
