<?xml version="1.0" encoding="UTF-8"?>
<!-- Generated by org.testng.reporters.JUnitReportReporter -->
<testsuite skipped="0" hostname="QaPC" name="CAIRTestCases.TC031_performquickgeneralsearches" tests="1" failures="0" timestamp="26 Jul 2021 10:06:04 GMT" time="9.223" errors="0">
  <testcase name="INNSIGHTLogin" time="9.223" classname="CAIRTestCases.TC031_performquickgeneralsearches"/>
</testsuite> <!-- CAIRTestCases.TC031_performquickgeneralsearches -->
