<?xml version="1.0" encoding="UTF-8"?>
<!-- Generated by org.testng.reporters.JUnitReportReporter -->
<testsuite skipped="0" hostname="QaPC" name="CAIRTestCases.TC006b_Multiplekeywordsbooleanquery" tests="1" failures="0" timestamp="22 Jul 2021 07:36:37 GMT" time="11.020" errors="0">
  <testcase name="INNSIGHTLogin" time="11.020" classname="CAIRTestCases.TC006b_Multiplekeywordsbooleanquery"/>
</testsuite> <!-- CAIRTestCases.TC006b_Multiplekeywordsbooleanquery -->
