<?xml version="1.0" encoding="UTF-8"?>
<!-- Generated by org.testng.reporters.JUnitReportReporter -->
<testsuite skipped="0" hostname="QaPC" name="CAIRTestCases.Test_Case_Number_55" tests="1" failures="0" timestamp="21 Jul 2021 12:14:19 GMT" time="28.080" errors="0">
  <testcase name="INNSIGHTLogin" time="28.080" classname="CAIRTestCases.Test_Case_Number_55"/>
</testsuite> <!-- CAIRTestCases.Test_Case_Number_55 -->
