<?xml version="1.0" encoding="UTF-8"?>
<!-- Generated by org.testng.reporters.JUnitReportReporter -->
<testsuite skipped="0" hostname="QaPC" name="CAIRTestCases.TC005_Abilityquerydatafromwebsites" tests="2" failures="0" timestamp="22 Jul 2021 07:18:22 GMT" time="60.830" errors="0">
  <testcase name="INNSIGHTLogin" time="8.776" classname="CAIRTestCases.TC005_Abilityquerydatafromwebsites"/>
  <testcase name="MultipleSocialMediaHandles" time="52.054" classname="CAIRTestCases.TC005_Abilityquerydatafromwebsites"/>
</testsuite> <!-- CAIRTestCases.TC005_Abilityquerydatafromwebsites -->
