<?xml version="1.0" encoding="UTF-8"?>
<!-- Generated by org.testng.reporters.JUnitReportReporter -->
<testsuite skipped="0" hostname="QaPC" name="CAIRTestCases.Test003multipleSocialMediaandWeb" tests="2" failures="0" timestamp="22 Jul 2021 06:31:08 GMT" time="158.495" errors="0">
  <testcase name="INNSIGHTLogin" time="11.669" classname="CAIRTestCases.Test003multipleSocialMediaandWeb"/>
  <testcase name="supportCrawlingandScraping" time="146.826" classname="CAIRTestCases.Test003multipleSocialMediaandWeb"/>
</testsuite> <!-- CAIRTestCases.Test003multipleSocialMediaandWeb -->
