<?xml version="1.0" encoding="UTF-8"?>
<!-- Generated by org.testng.reporters.JUnitReportReporter -->
<testsuite skipped="0" hostname="QaPC" name="CAIRTestCases.Test_Case_Number_41_f" tests="1" failures="0" timestamp="21 Jul 2021 11:43:48 GMT" time="10.379" errors="0">
  <testcase name="INNSIGHTLogin" time="10.379" classname="CAIRTestCases.Test_Case_Number_41_f"/>
</testsuite> <!-- CAIRTestCases.Test_Case_Number_41_f -->
