<?xml version="1.0" encoding="UTF-8"?>
<!-- Generated by org.testng.reporters.JUnitReportReporter -->
<testsuite skipped="0" hostname="QaPC" name="DataIngestors.test011queriedcontentrealtime" tests="1" failures="0" timestamp="22 Jul 2021 11:31:31 GMT" time="8.582" errors="0">
  <testcase name="INNSIGHTLogin" time="8.582" classname="DataIngestors.test011queriedcontentrealtime"/>
</testsuite> <!-- DataIngestors.test011queriedcontentrealtime -->
