<?xml version="1.0" encoding="UTF-8"?>
<!-- Generated by org.testng.reporters.JUnitReportReporter -->
<testsuite skipped="0" hostname="QaPC" name="DataIngestors.Test019CrawlingManagement" tests="2" failures="0" timestamp="22 Jul 2021 12:08:49 GMT" time="26.720" errors="0">
  <testcase name="INNSIGHTLogin2" time="25.023" classname="DataIngestors.Test019CrawlingManagement"/>
  <testcase name="CrawlingManagement" time="1.697" classname="DataIngestors.Test019CrawlingManagement"/>
</testsuite> <!-- DataIngestors.Test019CrawlingManagement -->
