<?xml version="1.0" encoding="UTF-8"?>
<!-- Generated by org.testng.reporters.JUnitReportReporter -->
<testsuite skipped="0" hostname="QaPC" name="CAIRTestCases.Test027MultipleRSSFeeds" tests="1" failures="0" timestamp="21 Jul 2021 14:12:58 GMT" time="8.660" errors="0">
  <testcase name="INNSIGHTLogin" time="8.660" classname="CAIRTestCases.Test027MultipleRSSFeeds"/>
</testsuite> <!-- CAIRTestCases.Test027MultipleRSSFeeds -->
