<?xml version="1.0" encoding="UTF-8"?>
<!-- Generated by org.testng.reporters.JUnitReportReporter -->
<testsuite skipped="0" hostname="QaPC" name="CAIRTestCases.Test_Case_Number_41_b" tests="2" failures="0" timestamp="21 Jul 2021 11:32:10 GMT" time="52.113" errors="0">
  <testcase name="INNSIGHTLogin" time="11.092" classname="CAIRTestCases.Test_Case_Number_41_b"/>
  <testcase name="booleansearch" time="41.021" classname="CAIRTestCases.Test_Case_Number_41_b"/>
</testsuite> <!-- CAIRTestCases.Test_Case_Number_41_b -->
