<?xml version="1.0" encoding="UTF-8"?>
<!-- Generated by org.testng.reporters.JUnitReportReporter -->
<testsuite skipped="0" hostname="QaPC" name="CAIRTestCases.test030highvolumestreamingdata" tests="1" failures="0" timestamp="26 Jul 2021 10:00:09 GMT" time="10.061" errors="0">
  <testcase name="INNSIGHTLogin" time="10.061" classname="CAIRTestCases.test030highvolumestreamingdata"/>
</testsuite> <!-- CAIRTestCases.test030highvolumestreamingdata -->
