<?xml version="1.0" encoding="UTF-8"?>
<!-- Generated by org.testng.reporters.JUnitReportReporter -->
<testsuite skipped="0" hostname="QaPC" name="CAIRTestCases.TC012_Abilitytobealerted" tests="1" failures="0" timestamp="22 Jul 2021 11:56:48 GMT" time="10.531" errors="0">
  <testcase name="INNSIGHTLogin" time="10.531" classname="CAIRTestCases.TC012_Abilitytobealerted"/>
</testsuite> <!-- CAIRTestCases.TC012_Abilitytobealerted -->
