<?xml version="1.0" encoding="UTF-8"?>
<!-- Generated by org.testng.reporters.JUnitReportReporter -->
<testsuite skipped="0" hostname="QaPC" name="CAIRTestCases.TC013_SSLencryptedwebsites" tests="1" failures="0" timestamp="22 Jul 2021 12:01:19 GMT" time="8.291" errors="0">
  <testcase name="INNSIGHTLogin" time="8.291" classname="CAIRTestCases.TC013_SSLencryptedwebsites"/>
</testsuite> <!-- CAIRTestCases.TC013_SSLencryptedwebsites -->
