<?xml version="1.0" encoding="UTF-8"?>
<!-- Generated by org.testng.reporters.JUnitReportReporter -->
<testsuite skipped="0" hostname="QaPC" name="CAIRTestCases.TC010_Determinesentiments" tests="2" failures="0" timestamp="22 Jul 2021 08:18:05 GMT" time="63.508" errors="0">
  <testcase name="INNSIGHTLogin" time="10.268" classname="CAIRTestCases.TC010_Determinesentiments"/>
  <testcase name="DS" time="53.240" classname="CAIRTestCases.TC010_Determinesentiments"/>
</testsuite> <!-- CAIRTestCases.TC010_Determinesentiments -->
