<?xml version="1.0" encoding="UTF-8"?>
<!-- Generated by org.testng.reporters.JUnitReportReporter -->
<testsuite skipped="0" hostname="QaPC" name="CAIRTestCases.Test_Case_Number_44" tests="1" failures="0" timestamp="21 Jul 2021 11:42:56 GMT" time="9.122" errors="0">
  <testcase name="INNSIGHTLogin" time="9.122" classname="CAIRTestCases.Test_Case_Number_44"/>
</testsuite> <!-- CAIRTestCases.Test_Case_Number_44 -->
