<?xml version="1.0" encoding="UTF-8"?>
<!-- Generated by org.testng.reporters.JUnitReportReporter -->
<testsuite skipped="0" hostname="QaPC" name="CAIRTestCases.TC038_Popularnewspapersmultiplecountries" tests="1" failures="0" timestamp="26 Jul 2021 10:15:38 GMT" time="8.754" errors="0">
  <testcase name="INNSIGHTLogin" time="8.754" classname="CAIRTestCases.TC038_Popularnewspapersmultiplecountries"/>
</testsuite> <!-- CAIRTestCases.TC038_Popularnewspapersmultiplecountries -->
