<?xml version="1.0" encoding="UTF-8"?>
<!-- Generated by org.testng.reporters.JUnitReportReporter -->
<testsuite hostname="DESKTOP-OEDJJGO" failures="0" tests="2" name="CAIRTestCases.Test006aAbilityprovideinputfilters" time="87.401" errors="0" timestamp="2021-07-20T11:24:21 IST" skipped="0">
  <testcase classname="CAIRTestCases.Test006aAbilityprovideinputfilters" name="INNSIGHTLogin" time="45.739"/>
  <system-out/>
  <testcase classname="CAIRTestCases.Test006aAbilityprovideinputfilters" name="polygon" time="41.662"/>
  <system-out/>
</testsuite> <!-- CAIRTestCases.Test006aAbilityprovideinputfilters -->
