<?xml version="1.0" encoding="UTF-8"?>
<!-- Generated by org.testng.reporters.JUnitReportReporter -->
<testsuite skipped="0" hostname="QaPC" name="CAIRTestCases.TC032_Historicalcontent" tests="1" failures="0" timestamp="26 Jul 2021 10:10:02 GMT" time="10.164" errors="0">
  <testcase name="INNSIGHTLogin" time="10.164" classname="CAIRTestCases.TC032_Historicalcontent"/>
</testsuite> <!-- CAIRTestCases.TC032_Historicalcontent -->
