<?xml version="1.0" encoding="UTF-8"?>
<!-- Generated by org.testng.reporters.JUnitReportReporter -->
<testsuite skipped="0" hostname="QaPC" name="CAIRTestCases.TC037_ExtractblogsBlogger" tests="1" failures="0" timestamp="26 Jul 2021 10:14:01 GMT" time="8.175" errors="0">
  <testcase name="INNSIGHTLogin" time="8.175" classname="CAIRTestCases.TC037_ExtractblogsBlogger"/>
</testsuite> <!-- CAIRTestCases.TC037_ExtractblogsBlogger -->
