<?xml version="1.0" encoding="UTF-8"?>
<!-- Generated by org.testng.reporters.JUnitReportReporter -->
<testsuite skipped="0" hostname="QaPC" name="CAIRTestCases.Test_Case_Number_47" tests="1" failures="0" timestamp="21 Jul 2021 11:49:25 GMT" time="8.185" errors="0">
  <testcase name="INNSIGHTLogin" time="8.185" classname="CAIRTestCases.Test_Case_Number_47"/>
</testsuite> <!-- CAIRTestCases.Test_Case_Number_47 -->
