<?xml version="1.0" encoding="UTF-8"?>
<!-- Generated by org.testng.reporters.JUnitReportReporter -->
<testsuite skipped="0" hostname="QaPC" name="CAIRTestCases.TC006a_Abilityprovideinputfilters" tests="2" failures="0" timestamp="22 Jul 2021 07:35:00 GMT" time="57.360" errors="0">
  <testcase name="INNSIGHTLogin" time="9.229" classname="CAIRTestCases.TC006a_Abilityprovideinputfilters"/>
  <testcase name="polygon" time="48.131" classname="CAIRTestCases.TC006a_Abilityprovideinputfilters"/>
</testsuite> <!-- CAIRTestCases.TC006a_Abilityprovideinputfilters -->
