<?xml version="1.0" encoding="UTF-8"?>
<!-- Generated by org.testng.reporters.JUnitReportReporter -->
<testsuite skipped="0" hostname="QaPC" name="CAIRTestCases.TC006c_MultipleSocialmediahandles" tests="2" failures="0" timestamp="22 Jul 2021 07:39:10 GMT" time="95.729" errors="0">
  <testcase name="INNSIGHTLogin" time="60.333" classname="CAIRTestCases.TC006c_MultipleSocialmediahandles"/>
  <testcase name="MultipleSocialMediaHandles" time="35.396" classname="CAIRTestCases.TC006c_MultipleSocialmediahandles"/>
</testsuite> <!-- CAIRTestCases.TC006c_MultipleSocialmediahandles -->
