<?xml version="1.0" encoding="UTF-8"?>
<!-- Generated by org.testng.reporters.JUnitReportReporter -->
<testsuite skipped="0" hostname="QaPC" name="CAIR_Final_TestCases.InnsightLogin" tests="1" failures="0" timestamp="26 Jul 2021 10:55:47 GMT" time="9.764" errors="0">
  <testcase name="INNSIGHTLogin" time="9.764" classname="CAIR_Final_TestCases.InnsightLogin"/>
</testsuite> <!-- CAIR_Final_TestCases.InnsightLogin -->
