<?xml version="1.0" encoding="UTF-8"?>
<!-- Generated by org.testng.reporters.JUnitReportReporter -->
<testsuite skipped="0" hostname="QaPC" name="CAIRTestCases.Test_Case_Number_49" tests="1" failures="0" timestamp="21 Jul 2021 11:58:18 GMT" time="8.772" errors="0">
  <testcase name="INNSIGHTLogin" time="8.772" classname="CAIRTestCases.Test_Case_Number_49"/>
</testsuite> <!-- CAIRTestCases.Test_Case_Number_49 -->
