<?xml version="1.0" encoding="UTF-8"?>
<!-- Generated by org.testng.reporters.JUnitReportReporter -->
<testsuite skipped="0" hostname="QaPC" name="Repo.InnsightLogin3" tests="1" failures="0" timestamp="21 Jul 2021 10:33:10 GMT" time="2.925" errors="0">
  <testcase name="InnsightLogin" time="2.925" classname="Repo.InnsightLogin3"/>
</testsuite> <!-- Repo.InnsightLogin3 -->
